LOG[Sisselogimine] Kasutaja: Truth | Aeg: 06.03.2015 22:39:58
LOG[Sisselogimine] Kasutaja: Martin | Aeg: 06.03.2015 22:40:05
LOG[Sisselogimine] Kasutaja: Martin | Aeg: 06.03.2015 22:44:17
LOG[Sisselogimine] Kasutaja: Martin | Aeg: 07.03.2015 02:47:47
LOG[Sisselogimine] Kasutaja: Truth | Aeg: 07.03.2015 02:50:45
LOG[Sisselogimine] Kasutaja: Truth | Aeg: 07.03.2015 02:56:55
LOG[Sisselogimine] Kasutaja: truth | Aeg: 07.03.2015 12:19:18
LOG[Sisselogimine] Kasutaja: &lt;b&gt;test&lt;/b&gt; | Aeg: 07.03.2015 12:22:56
LOG[Sisselogimine] Kasutaja: truth | Aeg: 09.03.2015 02:19:08
LOG[Sisselogimine] Kasutaja: Truth | Aeg: 09.03.2015 11:21:38
LOG[Sisselogimine] Kasutaja: Truth | Aeg: 09.03.2015 11:22:45
LOG[Väljalogimine] Kasutaja:  | Aeg: 09.03.2015 11:22:47
LOG[Sisselogimine] Kasutaja: Truth | Aeg: 09.03.2015 11:23:45
LOG[Väljalogimine] Kasutaja: Truth | Aeg: 09.03.2015 11:23:47
LOG[Sisselogimine] Kasutaja: Truth | Aeg: 09.03.2015 11:27:13
LOG[Sisselogimine] Kasutaja: teele | Aeg: 09.03.2015 11:42:42
LOG[Sisselogimine] Kasutaja: teele | Aeg: 09.03.2015 11:54:17
LOG[Sisselogimine] Kasutaja: Truth | Aeg: 09.03.2015 12:38:36
LOG[Väljalogimine] Kasutaja: Truth | Aeg: 09.03.2015 12:38:50
LOG[Sisselogimine] Kasutaja: Truth | Aeg: 09.03.2015 12:43:38
LOG[Väljalogimine] Kasutaja: Truth | Aeg: 09.03.2015 13:03:39
LOG[Sisselogimine] Kasutaja: Truth | Aeg: 09.03.2015 13:23:37
LOG[Sisselogimine] Kasutaja: Truth | Aeg: 09.03.2015 15:44:54
LOG[Väljalogimine] Kasutaja: Truth | Aeg: 09.03.2015 15:51:39
LOG[Sisselogimine] Kasutaja: Truth | Aeg: 09.03.2015 17:08:02
LOG[Sisselogimine] Kasutaja: Truth | Aeg: 09.03.2015 21:33:33
LOG[Sisselogimine] Kasutaja: Truth | Aeg: 10.03.2015 15:19:39
LOG[Sisselogimine] Kasutaja: Truth | Aeg: 02.04.2015 22:04:20
LOG[Väljalogimine] Kasutaja: Truth | Aeg: 02.04.2015 22:05:54
LOG[Sisselogimine] Kasutaja: Truth | Aeg: 02.04.2015 22:06:05
LOG[Sisselogimine] Kasutaja: Truth | Aeg: 25.05.2015 14:13:57
LOG[Sisselogimine] Kasutaja: Truth | Aeg: 07.06.2015 16:24:33
LOG[Sisselogimine] Kasutaja: Truth | Aeg: 02.07.2015 16:20:26
LOG[Sisselogimine] Kasutaja: truth | Aeg: 01.09.2015 18:40:20
LOG[Väljalogimine] Kasutaja: Truth | Aeg: 01.09.2015 18:40:29
LOG[Sisselogimine] Kasutaja: truth | Aeg: 01.09.2015 18:40:58
LOG[Väljalogimine] Kasutaja: Truth | Aeg: 01.09.2015 18:41:28
LOG[Sisselogimine] Kasutaja: Truth | Aeg: 01.09.2015 18:41:35
LOG[Sisselogimine] Kasutaja: truth | Aeg: 01.09.2015 18:41:46
LOG[Väljalogimine] Kasutaja: Truth | Aeg: 01.09.2015 18:43:28
LOG[Sisselogimine] Kasutaja: truth | Aeg: 01.09.2015 22:02:21
LOG[Väljalogimine] Kasutaja: Truth | Aeg: 01.09.2015 22:02:34
LOG[Sisselogimine] Kasutaja: truth | Aeg: 01.09.2015 22:29:24
LOG[Sisselogimine] Kasutaja: Truth | Aeg: 30.10.2015 12:21:46
LOG[Väljalogimine] Kasutaja: Truth | Aeg: 30.10.2015 12:22:52
LOG[Sisselogimine] Kasutaja: Truth | Aeg: 30.10.2015 12:23:25
LOG[Väljalogimine] Kasutaja: Truth | Aeg: 30.10.2015 12:23:27
LOG[Sisselogimine] Kasutaja: Test | Aeg: 30.10.2015 12:23:32
LOG[Sisselogimine] Kasutaja: Truth | Aeg: 16.11.2015 16:09:11
LOG[Väljalogimine] Kasutaja: Truth | Aeg: 16.11.2015 16:09:18
LOG[Sisselogimine] Kasutaja: Truth | Aeg: 20.11.2015 12:22:06
LOG[Sisselogimine] Kasutaja: Truth | Aeg: 20.11.2015 12:22:07
